<?xml version="1.0" encoding="UTF-8"?>
<!-- Generated by org.testng.reporters.JUnitXMLReporter -->
<testsuite ignored="3" hostname="SurfaceKR" failures="0" tests="4" name="Test" time="4.705" errors="0" timestamp="2022-04-26T19:56:23 EDT">
  <testcase classname="package1.NewTest" name="launchBrowser" time="2.103"/>
  <testcase classname="package1.NewTest" name="verifyBing" time="0.534"/>
  <testcase classname="package1.NewTest" name="verifyGoogle" time="1.839"/>
  <testcase classname="package1.NewTest" name="closeBrowser" time="0.178"/>
  <testcase classname="package1.NewTest" name="verifyExcellus" time="0.0">
    <ignored/>
  </testcase> <!-- verifyExcellus -->
  <testcase classname="package1.NewTest" name="verifyBankofamerica" time="0.0">
    <ignored/>
  </testcase> <!-- verifyBankofamerica -->
  <testcase classname="package1.NewTest" name="verifyYahoo" time="0.0">
    <ignored/>
  </testcase> <!-- verifyYahoo -->
</testsuite> <!-- Test -->
